-- specification AG (p0.state = t -> AF p0.state = c)  is false
-- as demonstrated by the following execution sequence
Trace Description: CTL Counterexample 
Trace Type: Counterexample 
-> State: 1.1 <-
  flag[0] = FALSE
  flag[1] = FALSE
  turn = 0
  p0.line = 1
  p0.state = n
  p1.line = 1
  p1.state = n
-> Input: 1.2 <-
  _process_selector_ = p1
  running = FALSE
  p1.running = TRUE
  p0.running = FALSE
-> State: 1.2 <-
  flag[1] = TRUE
  p1.line = 2
  p1.state = t
-> Input: 1.3 <-
-> State: 1.3 <-
  p1.line = 3
-> Input: 1.4 <-
-> State: 1.4 <-
  p1.line = 4
-> Input: 1.5 <-
-> State: 1.5 <-
  turn = 1
  p1.line = 5
-> Input: 1.6 <-
  _process_selector_ = p0
  p1.running = FALSE
  p0.running = TRUE
-- Loop starts here
-> State: 1.6 <-
  flag[0] = TRUE
  p0.line = 2
  p0.state = t
-> Input: 1.7 <-
  _process_selector_ = p1
  p1.running = TRUE
  p0.running = FALSE
-> State: 1.7 <-
  p1.line = 6
  p1.state = c
-> Input: 1.8 <-
  _process_selector_ = p0
  p1.running = FALSE
  p0.running = TRUE
-> State: 1.8 <-
  p0.line = 3
-> Input: 1.9 <-
  _process_selector_ = p1
  p1.running = TRUE
  p0.running = FALSE
-> State: 1.9 <-
  flag[1] = FALSE
  p1.line = 7
-> Input: 1.10 <-
-> State: 1.10 <-
  p1.line = 1
  p1.state = n
-> Input: 1.11 <-
-> State: 1.11 <-
  flag[1] = TRUE
  p1.line = 2
  p1.state = t
-> Input: 1.12 <-
  _process_selector_ = p0
  p1.running = FALSE
  p0.running = TRUE
-> State: 1.12 <-
  p0.line = 1
-> Input: 1.13 <-
-> State: 1.13 <-
  p0.line = 2
-> Input: 1.14 <-
  _process_selector_ = p1
  p1.running = TRUE
  p0.running = FALSE
-> State: 1.14 <-
  p1.line = 5
