-- specification AG !(p0.state = c & p1.state = c)  is false
-- as demonstrated by the following execution sequence
Trace Description: CTL Counterexample 
Trace Type: Counterexample 
-> State: 1.1 <-
  flag[0] = FALSE
  flag[1] = FALSE
  turn = 0
  p0.state = n
  p1.state = n
-> Input: 1.2 <-
  _process_selector_ = p1
  running = FALSE
  p1.running = TRUE
  p0.running = FALSE
-> State: 1.2 <-
  turn = 1
  p1.state = t
-> Input: 1.3 <-
-> State: 1.3 <-
  p1.state = c
-> Input: 1.4 <-
  _process_selector_ = p0
  p1.running = FALSE
  p0.running = TRUE
-> State: 1.4 <-
  turn = 0
  p0.state = t
-> Input: 1.5 <-
-> State: 1.5 <-
  p0.state = c
system diameter: 7
reachable states: 18 (2^4.16993) out of 72 (2^6.16993)
